<?xml version="1.0" encoding="UTF-8"?>
<!-- Generated by org.testng.reporters.JUnitReportReporter -->
<testsuite hostname="LAPTOP-UA1F7RES" failures="1" tests="4" name="com.cucumber.runners.Runner" time="0.107" errors="0" timestamp="2023-11-01T07:18:13 PDT" skipped="0">
  <testcase classname="com.cucumber.runners.Runner" name="runScenario" time="0.006"/>
  <system-out/>
  <testcase classname="com.cucumber.runners.Runner" name="runScenario" time="0.015">
    <failure message="expected [400] but found [200]" type="java.lang.AssertionError">
      <![CDATA[java.lang.AssertionError: expected [400] but found [200]
at org.testng.Assert.fail(Assert.java:110)
at org.testng.Assert.failNotEquals(Assert.java:1577)
at org.testng.Assert.assertEqualsImpl(Assert.java:149)
at org.testng.Assert.assertEquals(Assert.java:131)
at org.testng.Assert.assertEquals(Assert.java:1418)
at org.testng.Assert.assertEquals(Assert.java:1448)
at com.cucumber.stepdefinitions.StepDefinition.results_should_be_sum_of_two_numbers(StepDefinition.java:71)
at âœ½.results should be sum of two numbers 400(file:///C:/Users/pradh/eclipse-workspace/SimpleCucumberProject/src/test/resources/ScenarioOutline.feature:9)
]]>
    </failure>
  </testcase> <!-- runScenario -->
  <system-out/>
  <testcase classname="com.cucumber.runners.Runner" name="runScenario" time="0.006"/>
  <system-out/>
  <testcase classname="com.cucumber.runners.Runner" name="runScenario" time="0.080"/>
  <system-out/>
</testsuite> <!-- com.cucumber.runners.Runner -->
